<?xml version="1.0" encoding="UTF-8"?>
<!-- Generated by org.testng.reporters.JUnitXMLReporter -->
<testsuite ignored="0" hostname="SUFIYAN" failures="0" tests="18" name="Nopackage" time="0.116" errors="0" timestamp="2023-02-05T10:57:04 IST">
  <testcase classname="com.test.ExceptionTimeOutTest" name="test1" time="0.005"/>
  <testcase classname="com.test.InvocationcountTest" name="sum" time="0.001"/>
  <testcase classname="com.test.InvocationcountTest" name="sum" time="0.001"/>
  <testcase classname="com.test.InvocationcountTest" name="sum" time="0.001"/>
  <testcase classname="com.test.InvocationcountTest" name="sum" time="0.002"/>
  <testcase classname="com.test.InvocationcountTest" name="sum" time="0.002"/>
  <testcase classname="com.test.InvocationcountTest" name="sum" time="0.001"/>
  <testcase classname="com.test.InvocationcountTest" name="sum" time="0.001"/>
  <testcase classname="com.test.InvocationcountTest" name="sum" time="0.001"/>
  <testcase classname="com.test.InvocationcountTest" name="sum" time="0.001"/>
  <testcase classname="com.test.InvocationcountTest" name="sum" time="0.001"/>
  <testcase classname="com.test.TestNgBasics" name="googleTitleTest" time="0.001"/>
  <testcase classname="com.test.TestNgBasics" name="googletitle" time="0.001"/>
  <testcase classname="com.test.TestNgBasics" name="serchtext" time="0.001"/>
  <testcase classname="com.test.TestNGfeatures" name="loginTest" time="0.002"/>
  <testcase classname="com.test.TestNGfeatures" name="Logout" time="0.001"/>
  <testcase classname="com.test.TestNGfeatures" name="Registerpage" time="0.001"/>
  <testcase classname="com.test.TestNGfeatures" name="homeoageTest" time="0.001"/>
</testsuite> <!-- Nopackage -->
